#
# A fatal error has been detected by the Java Runtime Environment:
#
#  EXCEPTION_ACCESS_VIOLATION (0xc0000005) at pc=0x000001e593ba1066, pid=10832, tid=0x00000000000025bc
#
# JRE version: Java(TM) SE Runtime Environment (8.0_411) (build 1.8.0_411-b09)
# Java VM: Java HotSpot(TM) 64-Bit Server VM (25.411-b09 mixed mode windows-amd64 compressed oops)
# Problematic frame:
# C  [OpenAL64.dll+0x11066]
#
# Failed to write core dump. Minidumps are not enabled by default on client versions of Windows
#
# If you would like to submit a bug report, please visit:
#   http://bugreport.java.com/bugreport/crash.jsp
# The crash happened outside the Java Virtual Machine in native code.
# See problematic frame for where to report the bug.
#

---------------  T H R E A D  ---------------

Current thread (0x000001e5f9171800):  JavaThread "main" [_thread_in_native, id=9660, stack(0x000000373ba00000,0x000000373bb00000)]

siginfo: ExceptionCode=0xc0000005, reading address 0x000001e592c23004

Registers:
RAX=0x00000000001a001b, RBX=0x000001e593e20090, RCX=0x000001e592c23008, RDX=0x000001e592c23004
RSP=0x000000373bafbe50, RBP=0x00000000000000ff, RSI=0x000001e592c13a9c, RDI=0x0000000000000000
R8 =0x0000000000003d5a, R9 =0x000001e592c13a9c, R10=0x000001e580019a02, R11=0x00007ffb73d9e170
R12=0x0000000000000001, R13=0x000001e5936c2fc0, R14=0x000000373bafbff0, R15=0x000001e5f9171800
RIP=0x000001e593ba1066, EFLAGS=0x0000000000010202

Top of Stack: (sp=0x000000373bafbe50)
0x000000373bafbe50:   0000000000000000 000001e5f9171800
0x000000373bafbe60:   000000373bafbff0 000001e5936c2fc0
0x000000373bafbe70:   000001e5936c2fc0 0000000000000248
0x000000373bafbe80:   000001e5f9171800 0000000000000000
0x000000373bafbe90:   000000373bafbfb8 00007ffb73c278a2
0x000000373bafbea0:   000000373bafbed0 000001e5f9170f80
0x000000373bafbeb0:   000001e5936c2fc0 000001e5f916e8c0
0x000000373bafbec0:   000001e5f9171800 000000373bafbff0
0x000000373bafbed0:   000001e5936c2fc0 0000000000000000
0x000000373bafbee0:   000001e592c13a9c 0000000000000248
0x000000373bafbef0:   000000373bafbfb8 000001e593ba248f
0x000000373bafbf00:   000001e593e20090 000001e593e20090
0x000000373bafbf10:   000001e50000ac44 000001e5001a001b
0x000000373bafbf20:   000001e580007f10 000001e580019a2e
0x000000373bafbf30:   000001e5936c2fc0 0000000000000248
0x000000373bafbf40:   000001e580007f10 000001e58001973b 

Instructions: (pc=0x000001e593ba1066)
0x000001e593ba1046:   41 2b ec 81 3a 03 00 02 00 75 09 8b 01 89 84 24
0x000001e593ba1056:   c8 00 00 00 49 83 c0 02 48 83 c1 08 4a 8d 14 86
0x000001e593ba1066:   39 3a 75 af 4c 8d 84 24 c0 00 00 00 48 8d 15 d7
0x000001e593ba1076:   2b 03 00 33 c9 e8 58 5f 00 00 b8 40 1f 00 00 4c 


Register to memory mapping:

RAX=0x00000000001a001b is an unknown value
RBX=0x000001e593e20090 is an unknown value
RCX=0x000001e592c23008 is an unknown value
RDX=0x000001e592c23004 is an unknown value
RSP=0x000000373bafbe50 is pointing into the stack for thread: 0x000001e5f9171800
RBP=0x00000000000000ff is an unknown value
RSI=0x000001e592c13a9c is an unknown value
RDI=0x0000000000000000 is an unknown value
R8 =0x0000000000003d5a is an unknown value
R9 =0x000001e592c13a9c is an unknown value
R10=0x000001e580019a02 is at code_begin+962 in an Interpreter codelet
method entry point (kind = native)  [0x000001e580019640, 0x000001e58001a0e0]  2720 bytes
R11=0x00007ffb73d9e170 is an unknown value
R12=0x0000000000000001 is an unknown value
R13={method} {0x000001e5936c2fc8} 'nalcCreateContext' '(JJ)J' in 'org/lwjgl/openal/ALC10'
R14=0x000000373bafbff0 is pointing into the stack for thread: 0x000001e5f9171800
R15=0x000001e5f9171800 is a thread


Stack: [0x000000373ba00000,0x000000373bb00000],  sp=0x000000373bafbe50,  free space=1007k
Native frames: (J=compiled Java code, j=interpreted, Vv=VM code, C=native code)
C  [OpenAL64.dll+0x11066]
C  [OpenAL64.dll+0x1248f]
C  0x000001e580019a2e

Java frames: (J=compiled Java code, j=interpreted, Vv=VM code)
j  org.lwjgl.openal.ALC10.nalcCreateContext(JJ)J+0
j  org.lwjgl.openal.ALC10.alcCreateContext(Lorg/lwjgl/openal/ALCdevice;Ljava/nio/IntBuffer;)Lorg/lwjgl/openal/ALCcontext;+8
j  org.lwjgl.openal.AL.init(Ljava/lang/String;IIZZ)V+69
j  org.lwjgl.openal.AL.create(Ljava/lang/String;IIZZ)V+246
j  org.lwjgl.openal.AL.create(Ljava/lang/String;IIZ)V+5
j  org.lwjgl.openal.AL.create()V+6
j  com.badlogic.gdx.backends.lwjgl.audio.OpenALAudio.<init>(III)V+114
j  com.badlogic.gdx.backends.lwjgl.LwjglApplication.<init>(Lcom/badlogic/gdx/ApplicationListener;Lcom/badlogic/gdx/backends/lwjgl/LwjglApplicationConfiguration;Lcom/badlogic/gdx/backends/lwjgl/LwjglGraphics;)V+120
j  com.badlogic.gdx.backends.lwjgl.LwjglApplication.<init>(Lcom/badlogic/gdx/ApplicationListener;Lcom/badlogic/gdx/backends/lwjgl/LwjglApplicationConfiguration;)V+11
j  org.uqbar.project.wollok.game.gameboard.WollokGDXApplication.<init>(Lorg/uqbar/project/wollok/game/gameboard/Gameboard;Ljava/lang/Boolean;)V+17
j  org.uqbar.project.wollok.game.helpers.Application.start(Lorg/uqbar/project/wollok/game/gameboard/Gameboard;Ljava/lang/Boolean;)V+5
j  org.uqbar.project.wollok.game.gameboard.Gameboard.start(Ljava/lang/Boolean;)V+13
j  wollok.game.GameObject.doStart(Ljava/lang/Boolean;)V+12
v  ~StubRoutines::call_stub
j  sun.reflect.NativeMethodAccessorImpl.invoke0(Ljava/lang/reflect/Method;Ljava/lang/Object;[Ljava/lang/Object;)Ljava/lang/Object;+0
j  sun.reflect.NativeMethodAccessorImpl.invoke(Ljava/lang/Object;[Ljava/lang/Object;)Ljava/lang/Object;+100
J 2653 C1 sun.reflect.DelegatingMethodAccessorImpl.invoke(Ljava/lang/Object;[Ljava/lang/Object;)Ljava/lang/Object; (10 bytes) @ 0x000001e58087bcc4 [0x000001e58087bbc0+0x104]
J 2642 C1 java.lang.reflect.Method.invoke(Ljava/lang/Object;[Ljava/lang/Object;)Ljava/lang/Object; (62 bytes) @ 0x000001e58087cfc4 [0x000001e58087cc00+0x3c4]
j  org.uqbar.project.wollok.ui.utils.XTendUtilExtensions.invokeConvertingArgs(Ljava/lang/reflect/Method;Ljava/lang/Object;[Ljava/lang/Object;)Lorg/uqbar/project/wollok/interpreter/core/WollokObject;+261
j  org.uqbar.project.wollok.interpreter.AbstractWollokCallable._invokeNative(Ljava/lang/Object;Ljava/lang/String;[Lorg/uqbar/project/wollok/interpreter/core/WollokObject;)Lorg/uqbar/project/wollok/interpreter/core/WollokObject;+41
j  org.uqbar.project.wollok.interpreter.AbstractWollokCallable.invokeNative(Ljava/lang/Object;Ljava/lang/String;[Lorg/uqbar/project/wollok/interpreter/core/WollokObject;)Lorg/uqbar/project/wollok/interpreter/core/WollokObject;+26
j  org.uqbar.project.wollok.interpreter.AbstractWollokCallable$1.apply()Lorg/uqbar/project/wollok/interpreter/core/WollokObject;+55
j  org.uqbar.project.wollok.interpreter.AbstractWollokCallable$1.apply()Ljava/lang/Object;+1
j  org.uqbar.project.wollok.interpreter.threads.WThread.performOnStack(Lorg/eclipse/emf/ecore/EObject;Lorg/uqbar/project/wollok/interpreter/context/EvaluationContext;Lorg/eclipse/xtext/xbase/lib/Functions$Function0;)Lorg/uqbar/project/wollok/interpreter/core/WollokObject;+29
j  org.uqbar.project.wollok.interpreter.WollokInterpreter.performOnStack(Lorg/eclipse/emf/ecore/EObject;Lorg/uqbar/project/wollok/interpreter/context/EvaluationContext;Lorg/eclipse/xtext/xbase/lib/Functions$Function0;)Lorg/uqbar/project/wollok/interpreter/core/WollokObject;+7
j  org.uqbar.project.wollok.interpreter.AbstractWollokCallable.call(Lorg/uqbar/project/wollok/wollokDsl/WMethodDeclaration;[Lorg/uqbar/project/wollok/interpreter/core/WollokObject;)Lorg/uqbar/project/wollok/interpreter/core/WollokObject;+38
j  org.uqbar.project.wollok.interpreter.core.WollokObject.call(Ljava/lang/String;[Lorg/uqbar/project/wollok/interpreter/core/WollokObject;)Lorg/uqbar/project/wollok/interpreter/core/WollokObject;+55
j  org.uqbar.project.wollok.interpreter.WollokInterpreterEvaluator._evaluate(Lorg/uqbar/project/wollok/wollokDsl/WFeatureCall;)Lorg/uqbar/project/wollok/interpreter/core/WollokObject;+119
J 3212 C1 org.uqbar.project.wollok.launch.WollokLauncherInterpreterEvaluator.evaluate(Lorg/eclipse/emf/ecore/EObject;)Lorg/uqbar/project/wollok/interpreter/core/WollokObject; (502 bytes) @ 0x000001e580a245b4 [0x000001e580a20420+0x4194]
J 3211 C1 org.uqbar.project.wollok.interpreter.WollokInterpreterEvaluator.evaluate(Lorg/eclipse/emf/ecore/EObject;)Ljava/lang/Object; (6 bytes) @ 0x000001e580a16904 [0x000001e580a16800+0x104]
j  org.uqbar.project.wollok.interpreter.WollokInterpreter.eval(Lorg/eclipse/emf/ecore/EObject;)Lorg/uqbar/project/wollok/interpreter/core/WollokObject;+63
j  org.uqbar.project.wollok.interpreter.WollokInterpreterEvaluator.eval(Lorg/eclipse/emf/ecore/EObject;)Lorg/uqbar/project/wollok/interpreter/core/WollokObject;+5
j  org.uqbar.project.wollok.interpreter.WollokInterpreterEvaluator$1.apply(Lorg/uqbar/project/wollok/interpreter/core/WollokObject;Lorg/eclipse/emf/ecore/EObject;)Lorg/uqbar/project/wollok/interpreter/core/WollokObject;+5
j  org.uqbar.project.wollok.interpreter.WollokInterpreterEvaluator$1.apply(Ljava/lang/Object;Ljava/lang/Object;)Ljava/lang/Object;+9
j  org.eclipse.xtext.xbase.lib.IteratorExtensions.fold(Ljava/util/Iterator;Ljava/lang/Object;Lorg/eclipse/xtext/xbase/lib/Functions$Function2;)Ljava/lang/Object;+19
j  org.eclipse.xtext.xbase.lib.IterableExtensions.fold(Ljava/lang/Iterable;Ljava/lang/Object;Lorg/eclipse/xtext/xbase/lib/Functions$Function2;)Ljava/lang/Object;+8
j  org.uqbar.project.wollok.interpreter.WollokInterpreterEvaluator.evalAll(Ljava/lang/Iterable;)Lorg/uqbar/project/wollok/interpreter/core/WollokObject;+12
j  org.uqbar.project.wollok.interpreter.WollokInterpreterEvaluator._evaluate(Lorg/uqbar/project/wollok/wollokDsl/WBlockExpression;)Lorg/uqbar/project/wollok/interpreter/core/WollokObject;+34
J 3212 C1 org.uqbar.project.wollok.launch.WollokLauncherInterpreterEvaluator.evaluate(Lorg/eclipse/emf/ecore/EObject;)Lorg/uqbar/project/wollok/interpreter/core/WollokObject; (502 bytes) @ 0x000001e580a27ba4 [0x000001e580a20420+0x7784]
J 3211 C1 org.uqbar.project.wollok.interpreter.WollokInterpreterEvaluator.evaluate(Lorg/eclipse/emf/ecore/EObject;)Ljava/lang/Object; (6 bytes) @ 0x000001e580a16904 [0x000001e580a16800+0x104]
j  org.uqbar.project.wollok.interpreter.WollokInterpreter.eval(Lorg/eclipse/emf/ecore/EObject;)Lorg/uqbar/project/wollok/interpreter/core/WollokObject;+63
j  org.uqbar.project.wollok.interpreter.AbstractWollokCallable.eval(Lorg/eclipse/emf/ecore/EObject;)Lorg/uqbar/project/wollok/interpreter/core/WollokObject;+5
j  org.uqbar.project.wollok.interpreter.AbstractWollokCallable$1.apply()Lorg/uqbar/project/wollok/interpreter/core/WollokObject;+110
j  org.uqbar.project.wollok.interpreter.AbstractWollokCallable$1.apply()Ljava/lang/Object;+1
j  org.uqbar.project.wollok.interpreter.threads.WThread.performOnStack(Lorg/eclipse/emf/ecore/EObject;Lorg/uqbar/project/wollok/interpreter/context/EvaluationContext;Lorg/eclipse/xtext/xbase/lib/Functions$Function0;)Lorg/uqbar/project/wollok/interpreter/core/WollokObject;+29
j  org.uqbar.project.wollok.interpreter.WollokInterpreter.performOnStack(Lorg/eclipse/emf/ecore/EObject;Lorg/uqbar/project/wollok/interpreter/context/EvaluationContext;Lorg/eclipse/xtext/xbase/lib/Functions$Function0;)Lorg/uqbar/project/wollok/interpreter/core/WollokObject;+7
j  org.uqbar.project.wollok.interpreter.AbstractWollokCallable.call(Lorg/uqbar/project/wollok/wollokDsl/WMethodDeclaration;[Lorg/uqbar/project/wollok/interpreter/core/WollokObject;)Lorg/uqbar/project/wollok/interpreter/core/WollokObject;+38
j  org.uqbar.project.wollok.interpreter.core.WollokObject.call(Ljava/lang/String;[Lorg/uqbar/project/wollok/interpreter/core/WollokObject;)Lorg/uqbar/project/wollok/interpreter/core/WollokObject;+55
j  org.uqbar.project.wollok.interpreter.WollokInterpreterEvaluator._evaluate(Lorg/uqbar/project/wollok/wollokDsl/WFeatureCall;)Lorg/uqbar/project/wollok/interpreter/core/WollokObject;+119
j  org.uqbar.project.wollok.launch.WollokLauncherInterpreterEvaluator.evaluate(Lorg/eclipse/emf/ecore/EObject;)Lorg/uqbar/project/wollok/interpreter/core/WollokObject;+412
J 3211 C1 org.uqbar.project.wollok.interpreter.WollokInterpreterEvaluator.evaluate(Lorg/eclipse/emf/ecore/EObject;)Ljava/lang/Object; (6 bytes) @ 0x000001e580a16904 [0x000001e580a16800+0x104]
j  org.uqbar.project.wollok.interpreter.WollokInterpreter.eval(Lorg/eclipse/emf/ecore/EObject;)Lorg/uqbar/project/wollok/interpreter/core/WollokObject;+63
j  org.uqbar.project.wollok.interpreter.WollokInterpreterEvaluator.eval(Lorg/eclipse/emf/ecore/EObject;)Lorg/uqbar/project/wollok/interpreter/core/WollokObject;+5
j  org.uqbar.project.wollok.interpreter.WollokInterpreterEvaluator$1.apply(Lorg/uqbar/project/wollok/interpreter/core/WollokObject;Lorg/eclipse/emf/ecore/EObject;)Lorg/uqbar/project/wollok/interpreter/core/WollokObject;+5
j  org.uqbar.project.wollok.interpreter.WollokInterpreterEvaluator$1.apply(Ljava/lang/Object;Ljava/lang/Object;)Ljava/lang/Object;+9
j  org.eclipse.xtext.xbase.lib.IteratorExtensions.fold(Ljava/util/Iterator;Ljava/lang/Object;Lorg/eclipse/xtext/xbase/lib/Functions$Function2;)Ljava/lang/Object;+19
j  org.eclipse.xtext.xbase.lib.IterableExtensions.fold(Ljava/lang/Iterable;Ljava/lang/Object;Lorg/eclipse/xtext/xbase/lib/Functions$Function2;)Ljava/lang/Object;+8
j  org.uqbar.project.wollok.interpreter.WollokInterpreterEvaluator.evalAll(Ljava/lang/Iterable;)Lorg/uqbar/project/wollok/interpreter/core/WollokObject;+12
j  org.uqbar.project.wollok.interpreter.WollokInterpreterEvaluator._evaluate(Lorg/uqbar/project/wollok/wollokDsl/WBlockExpression;)Lorg/uqbar/project/wollok/interpreter/core/WollokObject;+34
j  org.uqbar.project.wollok.launch.WollokLauncherInterpreterEvaluator.evaluate(Lorg/eclipse/emf/ecore/EObject;)Lorg/uqbar/project/wollok/interpreter/core/WollokObject;+76
j  org.uqbar.project.wollok.interpreter.WollokInterpreterEvaluator.evaluate(Lorg/eclipse/emf/ecore/EObject;)Ljava/lang/Object;+2
j  org.uqbar.project.wollok.interpreter.WollokInterpreter.eval(Lorg/eclipse/emf/ecore/EObject;)Lorg/uqbar/project/wollok/interpreter/core/WollokObject;+63
j  org.uqbar.project.wollok.interpreter.AbstractWollokCallable.eval(Lorg/eclipse/emf/ecore/EObject;)Lorg/uqbar/project/wollok/interpreter/core/WollokObject;+5
j  org.uqbar.project.wollok.interpreter.AbstractWollokCallable$1.apply()Lorg/uqbar/project/wollok/interpreter/core/WollokObject;+110
j  org.uqbar.project.wollok.interpreter.AbstractWollokCallable$1.apply()Ljava/lang/Object;+1
j  org.uqbar.project.wollok.interpreter.threads.WThread.performOnStack(Lorg/eclipse/emf/ecore/EObject;Lorg/uqbar/project/wollok/interpreter/context/EvaluationContext;Lorg/eclipse/xtext/xbase/lib/Functions$Function0;)Lorg/uqbar/project/wollok/interpreter/core/WollokObject;+29
j  org.uqbar.project.wollok.interpreter.WollokInterpreter.performOnStack(Lorg/eclipse/emf/ecore/EObject;Lorg/uqbar/project/wollok/interpreter/context/EvaluationContext;Lorg/eclipse/xtext/xbase/lib/Functions$Function0;)Lorg/uqbar/project/wollok/interpreter/core/WollokObject;+7
j  org.uqbar.project.wollok.interpreter.AbstractWollokCallable.call(Lorg/uqbar/project/wollok/wollokDsl/WMethodDeclaration;[Lorg/uqbar/project/wollok/interpreter/core/WollokObject;)Lorg/uqbar/project/wollok/interpreter/core/WollokObject;+38
j  org.uqbar.project.wollok.interpreter.core.WollokObject.call(Ljava/lang/String;[Lorg/uqbar/project/wollok/interpreter/core/WollokObject;)Lorg/uqbar/project/wollok/interpreter/core/WollokObject;+55
j  org.uqbar.project.wollok.interpreter.WollokInterpreterEvaluator._evaluate(Lorg/uqbar/project/wollok/wollokDsl/WFeatureCall;)Lorg/uqbar/project/wollok/interpreter/core/WollokObject;+119
j  org.uqbar.project.wollok.launch.WollokLauncherInterpreterEvaluator.evaluate(Lorg/eclipse/emf/ecore/EObject;)Lorg/uqbar/project/wollok/interpreter/core/WollokObject;+412
j  org.uqbar.project.wollok.interpreter.WollokInterpreterEvaluator.evaluate(Lorg/eclipse/emf/ecore/EObject;)Ljava/lang/Object;+2
j  org.uqbar.project.wollok.interpreter.WollokInterpreter.eval(Lorg/eclipse/emf/ecore/EObject;)Lorg/uqbar/project/wollok/interpreter/core/WollokObject;+63
j  org.uqbar.project.wollok.interpreter.WollokInterpreterEvaluator.eval(Lorg/eclipse/emf/ecore/EObject;)Lorg/uqbar/project/wollok/interpreter/core/WollokObject;+5
j  org.uqbar.project.wollok.interpreter.WollokInterpreterEvaluator$1.apply(Lorg/uqbar/project/wollok/interpreter/core/WollokObject;Lorg/eclipse/emf/ecore/EObject;)Lorg/uqbar/project/wollok/interpreter/core/WollokObject;+5
j  org.uqbar.project.wollok.interpreter.WollokInterpreterEvaluator$1.apply(Ljava/lang/Object;Ljava/lang/Object;)Ljava/lang/Object;+9
j  org.eclipse.xtext.xbase.lib.IteratorExtensions.fold(Ljava/util/Iterator;Ljava/lang/Object;Lorg/eclipse/xtext/xbase/lib/Functions$Function2;)Ljava/lang/Object;+19
j  org.eclipse.xtext.xbase.lib.IterableExtensions.fold(Ljava/lang/Iterable;Ljava/lang/Object;Lorg/eclipse/xtext/xbase/lib/Functions$Function2;)Ljava/lang/Object;+8
j  org.uqbar.project.wollok.interpreter.WollokInterpreterEvaluator.evalAll(Ljava/lang/Iterable;)Lorg/uqbar/project/wollok/interpreter/core/WollokObject;+12
j  org.uqbar.project.wollok.interpreter.WollokInterpreterEvaluator._evaluate(Lorg/uqbar/project/wollok/wollokDsl/WProgram;)Lorg/uqbar/project/wollok/interpreter/core/WollokObject;+18
j  org.uqbar.project.wollok.launch.WollokLauncherInterpreterEvaluator.evaluate(Lorg/eclipse/emf/ecore/EObject;)Lorg/uqbar/project/wollok/interpreter/core/WollokObject;+444
j  org.uqbar.project.wollok.interpreter.WollokInterpreterEvaluator.evaluate(Lorg/eclipse/emf/ecore/EObject;)Ljava/lang/Object;+2
j  org.uqbar.project.wollok.interpreter.WollokInterpreter.eval(Lorg/eclipse/emf/ecore/EObject;)Lorg/uqbar/project/wollok/interpreter/core/WollokObject;+63
j  org.uqbar.project.wollok.interpreter.WollokInterpreterEvaluator.eval(Lorg/eclipse/emf/ecore/EObject;)Lorg/uqbar/project/wollok/interpreter/core/WollokObject;+5
j  org.uqbar.project.wollok.launch.WollokLauncherInterpreterEvaluator._evaluate(Lorg/uqbar/project/wollok/wollokDsl/WFile;)Lorg/uqbar/project/wollok/interpreter/core/WollokObject;+32
j  org.uqbar.project.wollok.launch.WollokLauncherInterpreterEvaluator.evaluate(Lorg/eclipse/emf/ecore/EObject;)Lorg/uqbar/project/wollok/interpreter/core/WollokObject;+428
j  org.uqbar.project.wollok.interpreter.WollokInterpreterEvaluator.evaluate(Lorg/eclipse/emf/ecore/EObject;)Ljava/lang/Object;+2
j  org.uqbar.project.wollok.interpreter.WollokInterpreter.interpret(Lorg/eclipse/emf/ecore/EObject;Ljava/lang/Boolean;)Lorg/uqbar/project/wollok/interpreter/core/WollokObject;+25
j  org.uqbar.project.wollok.interpreter.WollokInterpreter.interpret(Lorg/eclipse/emf/ecore/EObject;)Lorg/uqbar/project/wollok/interpreter/core/WollokObject;+8
j  org.uqbar.project.wollok.launch.WollokLauncher.doSomething(Lorg/uqbar/project/wollok/wollokDsl/WFile;Lcom/google/inject/Injector;Ljava/io/File;Lorg/uqbar/project/wollok/launch/WollokLauncherParameters;)V+109
j  org.uqbar.project.wollok.launch.WollokChecker.launch(Ljava/lang/String;Lorg/uqbar/project/wollok/launch/WollokLauncherParameters;)V+31
j  org.uqbar.project.wollok.launch.WollokChecker.doMain([Ljava/lang/String;)V+205
j  org.uqbar.project.wollok.launch.WollokLauncher.main([Ljava/lang/String;)V+8
v  ~StubRoutines::call_stub

---------------  P R O C E S S  ---------------

Java Threads: ( => current thread )
  0x000001e590cdb800 JavaThread "com.google.inject.internal.util.$Finalizer" daemon [_thread_blocked, id=6152, stack(0x000000373cf00000,0x000000373d000000)]
  0x000001e590d77800 JavaThread "EMF Reference Cleaner" daemon [_thread_blocked, id=2132, stack(0x000000373ce00000,0x000000373cf00000)]
  0x000001e58ff30800 JavaThread "Service Thread" daemon [_thread_blocked, id=1076, stack(0x000000373cc00000,0x000000373cd00000)]
  0x000001e5feffd000 JavaThread "C1 CompilerThread3" daemon [_thread_blocked, id=1568, stack(0x000000373cb00000,0x000000373cc00000)]
  0x000001e5fefee800 JavaThread "C2 CompilerThread2" daemon [_thread_blocked, id=9068, stack(0x000000373ca00000,0x000000373cb00000)]
  0x000001e5fefe8000 JavaThread "C2 CompilerThread1" daemon [_thread_blocked, id=1464, stack(0x000000373c900000,0x000000373ca00000)]
  0x000001e5fefdc000 JavaThread "C2 CompilerThread0" daemon [_thread_blocked, id=11600, stack(0x000000373c800000,0x000000373c900000)]
  0x000001e5fefdb000 JavaThread "Attach Listener" daemon [_thread_blocked, id=11208, stack(0x000000373c700000,0x000000373c800000)]
  0x000001e5fefda000 JavaThread "Signal Dispatcher" daemon [_thread_blocked, id=11920, stack(0x000000373c600000,0x000000373c700000)]
  0x000001e5fefbd000 JavaThread "Finalizer" daemon [_thread_blocked, id=3216, stack(0x000000373c500000,0x000000373c600000)]
  0x000001e5fef94800 JavaThread "Reference Handler" daemon [_thread_blocked, id=11552, stack(0x000000373c400000,0x000000373c500000)]
=>0x000001e5f9171800 JavaThread "main" [_thread_in_native, id=9660, stack(0x000000373ba00000,0x000000373bb00000)]

Other Threads:
  0x000001e5fef8a000 VMThread [stack: 0x000000373c300000,0x000000373c400000] [id=2528]
  0x000001e58ff53000 WatcherThread [stack: 0x000000373cd00000,0x000000373ce00000] [id=9052]

VM state:not at safepoint (normal execution)

VM Mutex/Monitor currently owned by a thread: None

heap address: 0x00000000a1800000, size: 1512 MB, Compressed Oops mode: 32-bit
Narrow klass base: 0x0000000000000000, Narrow klass shift: 3
Compressed class space size: 1073741824 Address: 0x0000000100000000

Heap:
 PSYoungGen      total 112128K, used 5885K [0x00000000e0800000, 0x00000000e8400000, 0x0000000100000000)
  eden space 98304K, 5% used [0x00000000e0800000,0x00000000e0dbf538,0x00000000e6800000)
  from space 13824K, 0% used [0x00000000e7680000,0x00000000e7680000,0x00000000e8400000)
  to   space 14336K, 0% used [0x00000000e6800000,0x00000000e6800000,0x00000000e7600000)
 ParOldGen       total 68608K, used 18656K [0x00000000a1800000, 0x00000000a5b00000, 0x00000000e0800000)
  object space 68608K, 27% used [0x00000000a1800000,0x00000000a2a38070,0x00000000a5b00000)
 Metaspace       used 21685K, capacity 21928K, committed 22144K, reserved 1069056K
  class space    used 2763K, capacity 2856K, committed 2944K, reserved 1048576K

Card table byte_map: [0x000001e5faf10000,0x000001e5fb210000] byte_map_base: 0x000001e5faa04000

Marking Bits: (ParMarkBitMap*) 0x00007ffb743970d0
 Begin Bits: [0x000001e5fb410000, 0x000001e5fcbb0000)
 End Bits:   [0x000001e5fcbb0000, 0x000001e5fe350000)

Polling page: 0x000001e5f9220000

CodeCache: size=245760Kb used=10780Kb max_used=10780Kb free=234979Kb
 bounds [0x000001e580000000, 0x000001e580aa0000, 0x000001e58f000000]
 total_blobs=3766 nmethods=3310 adapters=368
 compilation: enabled

Compilation events (10 events):
Event: 4.480 Thread 0x000001e5feffd000 3306       3       java.io.WinNTFileSystem::normalize (143 bytes)
Event: 4.481 Thread 0x000001e5feffd000 nmethod 3306 0x000001e580a8e390 code [0x000001e580a8e580, 0x000001e580a8edb0]
Event: 4.492 Thread 0x000001e5feffd000 3307       3       java.nio.DirectByteBuffer::put (18 bytes)
Event: 4.492 Thread 0x000001e5feffd000 nmethod 3307 0x000001e580a8f710 code [0x000001e580a8f880, 0x000001e580a8faf8]
Event: 4.492 Thread 0x000001e5feffd000 3308       3       java.nio.DirectByteBuffer::ix (10 bytes)
Event: 4.492 Thread 0x000001e5feffd000 nmethod 3308 0x000001e580a8fc10 code [0x000001e580a8fd60, 0x000001e580a8feb8]
Event: 4.494 Thread 0x000001e5feffd000 3310       3       java.nio.DirectByteBuffer::put (18 bytes)
Event: 4.494 Thread 0x000001e5feffd000 nmethod 3310 0x000001e580a8ff50 code [0x000001e580a900c0, 0x000001e580a90338]
Event: 4.494 Thread 0x000001e5feffd000 3311       1       java.nio.DirectByteBuffer::ix (10 bytes)
Event: 4.494 Thread 0x000001e5feffd000 nmethod 3311 0x000001e580a90450 code [0x000001e580a905a0, 0x000001e580a906b8]

GC Heap History (10 events):
Event: 1.319 GC heap before
{Heap before GC invocations=3 (full 0):
 PSYoungGen      total 28672K, used 28643K [0x00000000e0800000, 0x00000000e4000000, 0x0000000100000000)
  eden space 24576K, 100% used [0x00000000e0800000,0x00000000e2000000,0x00000000e2000000)
  from space 4096K, 99% used [0x00000000e2400000,0x00000000e27f8d50,0x00000000e2800000)
  to   space 4096K, 0% used [0x00000000e2000000,0x00000000e2000000,0x00000000e2400000)
 ParOldGen       total 65536K, used 2464K [0x00000000a1800000, 0x00000000a5800000, 0x00000000e0800000)
  object space 65536K, 3% used [0x00000000a1800000,0x00000000a1a680f0,0x00000000a5800000)
 Metaspace       used 10595K, capacity 10784K, committed 10880K, reserved 1058816K
  class space    used 1290K, capacity 1352K, committed 1408K, reserved 1048576K
Event: 1.326 GC heap after
Heap after GC invocations=3 (full 0):
 PSYoungGen      total 28672K, used 4086K [0x00000000e0800000, 0x00000000e4000000, 0x0000000100000000)
  eden space 24576K, 0% used [0x00000000e0800000,0x00000000e0800000,0x00000000e2000000)
  from space 4096K, 99% used [0x00000000e2000000,0x00000000e23fdb00,0x00000000e2400000)
  to   space 4096K, 0% used [0x00000000e3c00000,0x00000000e3c00000,0x00000000e4000000)
 ParOldGen       total 65536K, used 6628K [0x00000000a1800000, 0x00000000a5800000, 0x00000000e0800000)
  object space 65536K, 10% used [0x00000000a1800000,0x00000000a1e79238,0x00000000a5800000)
 Metaspace       used 10595K, capacity 10784K, committed 10880K, reserved 1058816K
  class space    used 1290K, capacity 1352K, committed 1408K, reserved 1048576K
}
Event: 1.804 GC heap before
{Heap before GC invocations=4 (full 0):
 PSYoungGen      total 28672K, used 28662K [0x00000000e0800000, 0x00000000e4000000, 0x0000000100000000)
  eden space 24576K, 100% used [0x00000000e0800000,0x00000000e2000000,0x00000000e2000000)
  from space 4096K, 99% used [0x00000000e2000000,0x00000000e23fdb00,0x00000000e2400000)
  to   space 4096K, 0% used [0x00000000e3c00000,0x00000000e3c00000,0x00000000e4000000)
 ParOldGen       total 65536K, used 6628K [0x00000000a1800000, 0x00000000a5800000, 0x00000000e0800000)
  object space 65536K, 10% used [0x00000000a1800000,0x00000000a1e79238,0x00000000a5800000)
 Metaspace       used 13331K, capacity 13548K, committed 13824K, reserved 1060864K
  class space    used 1681K, capacity 1738K, committed 1792K, reserved 1048576K
Event: 1.813 GC heap after
Heap after GC invocations=4 (full 0):
 PSYoungGen      total 53248K, used 4081K [0x00000000e0800000, 0x00000000e4000000, 0x0000000100000000)
  eden space 49152K, 0% used [0x00000000e0800000,0x00000000e0800000,0x00000000e3800000)
  from space 4096K, 99% used [0x00000000e3c00000,0x00000000e3ffc6d8,0x00000000e4000000)
  to   space 4096K, 0% used [0x00000000e3800000,0x00000000e3800000,0x00000000e3c00000)
 ParOldGen       total 65536K, used 11976K [0x00000000a1800000, 0x00000000a5800000, 0x00000000e0800000)
  object space 65536K, 18% used [0x00000000a1800000,0x00000000a23b2028,0x00000000a5800000)
 Metaspace       used 13331K, capacity 13548K, committed 13824K, reserved 1060864K
  class space    used 1681K, capacity 1738K, committed 1792K, reserved 1048576K
}
Event: 3.082 GC heap before
{Heap before GC invocations=5 (full 0):
 PSYoungGen      total 53248K, used 53233K [0x00000000e0800000, 0x00000000e4000000, 0x0000000100000000)
  eden space 49152K, 100% used [0x00000000e0800000,0x00000000e3800000,0x00000000e3800000)
  from space 4096K, 99% used [0x00000000e3c00000,0x00000000e3ffc6d8,0x00000000e4000000)
  to   space 4096K, 0% used [0x00000000e3800000,0x00000000e3800000,0x00000000e3c00000)
 ParOldGen       total 65536K, used 11976K [0x00000000a1800000, 0x00000000a5800000, 0x00000000e0800000)
  object space 65536K, 18% used [0x00000000a1800000,0x00000000a23b2028,0x00000000a5800000)
 Metaspace       used 19319K, capacity 19534K, committed 19840K, reserved 1067008K
  class space    used 2515K, capacity 2587K, committed 2688K, reserved 1048576K
Event: 3.099 GC heap after
Heap after GC invocations=5 (full 0):
 PSYoungGen      total 53248K, used 4064K [0x00000000e0800000, 0x00000000e8500000, 0x0000000100000000)
  eden space 49152K, 0% used [0x00000000e0800000,0x00000000e0800000,0x00000000e3800000)
  from space 4096K, 99% used [0x00000000e3800000,0x00000000e3bf8030,0x00000000e3c00000)
  to   space 14848K, 0% used [0x00000000e7680000,0x00000000e7680000,0x00000000e8500000)
 ParOldGen       total 65536K, used 21960K [0x00000000a1800000, 0x00000000a5800000, 0x00000000e0800000)
  object space 65536K, 33% used [0x00000000a1800000,0x00000000a2d722a0,0x00000000a5800000)
 Metaspace       used 19319K, capacity 19534K, committed 19840K, reserved 1067008K
  class space    used 2515K, capacity 2587K, committed 2688K, reserved 1048576K
}
Event: 3.887 GC heap before
{Heap before GC invocations=6 (full 0):
 PSYoungGen      total 53248K, used 33245K [0x00000000e0800000, 0x00000000e8500000, 0x0000000100000000)
  eden space 49152K, 59% used [0x00000000e0800000,0x00000000e247f420,0x00000000e3800000)
  from space 4096K, 99% used [0x00000000e3800000,0x00000000e3bf8030,0x00000000e3c00000)
  to   space 14848K, 0% used [0x00000000e7680000,0x00000000e7680000,0x00000000e8500000)
 ParOldGen       total 65536K, used 21960K [0x00000000a1800000, 0x00000000a5800000, 0x00000000e0800000)
  object space 65536K, 33% used [0x00000000a1800000,0x00000000a2d722a0,0x00000000a5800000)
 Metaspace       used 20829K, capacity 21032K, committed 21248K, reserved 1067008K
  class space    used 2663K, capacity 2728K, committed 2816K, reserved 1048576K
Event: 3.900 GC heap after
Heap after GC invocations=6 (full 0):
 PSYoungGen      total 112128K, used 6598K [0x00000000e0800000, 0x00000000e8400000, 0x0000000100000000)
  eden space 98304K, 0% used [0x00000000e0800000,0x00000000e0800000,0x00000000e6800000)
  from space 13824K, 47% used [0x00000000e7680000,0x00000000e7cf1868,0x00000000e8400000)
  to   space 14336K, 0% used [0x00000000e6800000,0x00000000e6800000,0x00000000e7600000)
 ParOldGen       total 65536K, used 21968K [0x00000000a1800000, 0x00000000a5800000, 0x00000000e0800000)
  object space 65536K, 33% used [0x00000000a1800000,0x00000000a2d742a0,0x00000000a5800000)
 Metaspace       used 20829K, capacity 21032K, committed 21248K, reserved 1067008K
  class space    used 2663K, capacity 2728K, committed 2816K, reserved 1048576K
}
Event: 3.900 GC heap before
{Heap before GC invocations=7 (full 1):
 PSYoungGen      total 112128K, used 6598K [0x00000000e0800000, 0x00000000e8400000, 0x0000000100000000)
  eden space 98304K, 0% used [0x00000000e0800000,0x00000000e0800000,0x00000000e6800000)
  from space 13824K, 47% used [0x00000000e7680000,0x00000000e7cf1868,0x00000000e8400000)
  to   space 14336K, 0% used [0x00000000e6800000,0x00000000e6800000,0x00000000e7600000)
 ParOldGen       total 65536K, used 21968K [0x00000000a1800000, 0x00000000a5800000, 0x00000000e0800000)
  object space 65536K, 33% used [0x00000000a1800000,0x00000000a2d742a0,0x00000000a5800000)
 Metaspace       used 20829K, capacity 21032K, committed 21248K, reserved 1067008K
  class space    used 2663K, capacity 2728K, committed 2816K, reserved 1048576K
Event: 3.985 GC heap after
Heap after GC invocations=7 (full 1):
 PSYoungGen      total 112128K, used 0K [0x00000000e0800000, 0x00000000e8400000, 0x0000000100000000)
  eden space 98304K, 0% used [0x00000000e0800000,0x00000000e0800000,0x00000000e6800000)
  from space 13824K, 0% used [0x00000000e7680000,0x00000000e7680000,0x00000000e8400000)
  to   space 14336K, 0% used [0x00000000e6800000,0x00000000e6800000,0x00000000e7600000)
 ParOldGen       total 68608K, used 18656K [0x00000000a1800000, 0x00000000a5b00000, 0x00000000e0800000)
  object space 68608K, 27% used [0x00000000a1800000,0x00000000a2a38070,0x00000000a5b00000)
 Metaspace       used 20829K, capacity 21032K, committed 21248K, reserved 1067008K
  class space    used 2663K, capacity 2728K, committed 2816K, reserved 1048576K
}

Deoptimization events (10 events):
Event: 3.163 Thread 0x000001e5f9171800 Uncommon trap: reason=class_check action=maybe_recompile pc=0x000001e5806d8ac8 method=org.eclipse.xtext.nodemodel.impl.NodeModelBuilder.addChild(Lorg/eclipse/xtext/nodemodel/ICompositeNode;Lorg/eclipse/xtext/nodemodel/impl/AbstractNode;)V @ 6
Event: 3.219 Thread 0x000001e5f9171800 Uncommon trap: reason=bimorphic action=maybe_recompile pc=0x000001e5807927ec method=java.util.Arrays.equals([Ljava/lang/Object;[Ljava/lang/Object;)Z @ 62
Event: 3.219 Thread 0x000001e5f9171800 Uncommon trap: reason=bimorphic action=maybe_recompile pc=0x000001e5807927ec method=java.util.Arrays.equals([Ljava/lang/Object;[Ljava/lang/Object;)Z @ 62
Event: 3.245 Thread 0x000001e5f9171800 Uncommon trap: reason=unstable_if action=reinterpret pc=0x000001e580707ca4 method=org.antlr.runtime.CommonTokenStream.skipOffTokenChannels(I)I @ 12
Event: 3.273 Thread 0x000001e5f9171800 Uncommon trap: reason=bimorphic action=maybe_recompile pc=0x000001e5807927ec method=java.util.Arrays.equals([Ljava/lang/Object;[Ljava/lang/Object;)Z @ 62
Event: 3.305 Thread 0x000001e5f9171800 Uncommon trap: reason=bimorphic action=maybe_recompile pc=0x000001e5807927ec method=java.util.Arrays.equals([Ljava/lang/Object;[Ljava/lang/Object;)Z @ 62
Event: 3.345 Thread 0x000001e5f9171800 Uncommon trap: reason=unstable_if action=reinterpret pc=0x000001e5804e36cc method=java.util.concurrent.ConcurrentHashMap.putVal(Ljava/lang/Object;Ljava/lang/Object;Z)Ljava/lang/Object; @ 181
Event: 3.441 Thread 0x000001e5f9171800 Uncommon trap: reason=unstable_if action=reinterpret pc=0x000001e580208acc method=java.lang.ThreadLocal$ThreadLocalMap.getEntry(Ljava/lang/ThreadLocal;)Ljava/lang/ThreadLocal$ThreadLocalMap$Entry; @ 29
Event: 3.456 Thread 0x000001e5f9171800 Uncommon trap: reason=unstable_if action=reinterpret pc=0x000001e58020741c method=java.lang.ThreadLocal$ThreadLocalMap.getEntry(Ljava/lang/ThreadLocal;)Ljava/lang/ThreadLocal$ThreadLocalMap$Entry; @ 29
Event: 4.026 Thread 0x000001e5f9171800 Uncommon trap: reason=unstable_if action=reinterpret pc=0x000001e5808f7aa0 method=java.io.WinNTFileSystem.normalize(Ljava/lang/String;)Ljava/lang/String; @ 49

Classes redefined (0 events):
No events

Internal exceptions (10 events):
Event: 3.162 Thread 0x000001e5f9171800 Exception <a 'java/io/FileNotFoundException'> (0x00000000e0a06e40) thrown at [C:\jenkins\workspace\8-2-build-windows-x64-cygwin-sans-NAS\jdk8u411\893\hotspot\src\share\vm\prims\jni.cpp, line 710]
Event: 3.169 Thread 0x000001e5f9171800 Exception <a 'java/io/FileNotFoundException'> (0x00000000e0a27730) thrown at [C:\jenkins\workspace\8-2-build-windows-x64-cygwin-sans-NAS\jdk8u411\893\hotspot\src\share\vm\prims\jni.cpp, line 710]
Event: 3.236 Thread 0x000001e5f9171800 Exception <a 'java/io/FileNotFoundException'> (0x00000000e0cb39c0) thrown at [C:\jenkins\workspace\8-2-build-windows-x64-cygwin-sans-NAS\jdk8u411\893\hotspot\src\share\vm\prims\jni.cpp, line 710]
Event: 3.617 Thread 0x000001e5f9171800 Exception <a 'java/lang/reflect/InvocationTargetException'> (0x00000000e19dece0) thrown at [C:\jenkins\workspace\8-2-build-windows-x64-cygwin-sans-NAS\jdk8u411\893\hotspot\src\share\vm\runtime\reflection.cpp, line 1092]
Event: 4.506 Thread 0x000001e5f9171800 Exception <a 'java/security/PrivilegedActionException'> (0x00000000e0c4ee40) thrown at [C:\jenkins\workspace\8-2-build-windows-x64-cygwin-sans-NAS\jdk8u411\893\hotspot\src\share\vm\prims\jvm.cpp, line 1513]
Event: 4.506 Thread 0x000001e5f9171800 Exception <a 'java/security/PrivilegedActionException'> (0x00000000e0c50370) thrown at [C:\jenkins\workspace\8-2-build-windows-x64-cygwin-sans-NAS\jdk8u411\893\hotspot\src\share\vm\prims\jvm.cpp, line 1513]
Event: 4.506 Thread 0x000001e5f9171800 Exception <a 'java/security/PrivilegedActionException'> (0x00000000e0c517a0) thrown at [C:\jenkins\workspace\8-2-build-windows-x64-cygwin-sans-NAS\jdk8u411\893\hotspot\src\share\vm\prims\jvm.cpp, line 1513]
Event: 4.506 Thread 0x000001e5f9171800 Exception <a 'java/security/PrivilegedActionException'> (0x00000000e0c52e60) thrown at [C:\jenkins\workspace\8-2-build-windows-x64-cygwin-sans-NAS\jdk8u411\893\hotspot\src\share\vm\prims\jvm.cpp, line 1513]
Event: 4.506 Thread 0x000001e5f9171800 Exception <a 'java/security/PrivilegedActionException'> (0x00000000e0c54258) thrown at [C:\jenkins\workspace\8-2-build-windows-x64-cygwin-sans-NAS\jdk8u411\893\hotspot\src\share\vm\prims\jvm.cpp, line 1513]
Event: 4.506 Thread 0x000001e5f9171800 Exception <a 'java/security/PrivilegedActionException'> (0x00000000e0c55620) thrown at [C:\jenkins\workspace\8-2-build-windows-x64-cygwin-sans-NAS\jdk8u411\893\hotspot\src\share\vm\prims\jvm.cpp, line 1513]

Events (10 events):
Event: 4.543 loading class org/lwjgl/openal/ALCdevice
Event: 4.543 loading class org/lwjgl/openal/ALCdevice done
Event: 4.544 loading class org/lwjgl/openal/ALCcontext
Event: 4.544 loading class org/lwjgl/openal/ALCcontext done
Event: 4.545 loading class java/nio/DirectIntBufferU
Event: 4.545 loading class java/nio/DirectIntBufferU done
Event: 4.545 loading class org/lwjgl/openal/Util
Event: 4.545 loading class org/lwjgl/openal/Util done
Event: 4.546 loading class org/lwjgl/openal/OpenALException
Event: 4.546 loading class org/lwjgl/openal/OpenALException done


Dynamic libraries:
0x00007ff7efac0000 - 0x00007ff7efb0a000 	C:\Program Files\Java\jre-1.8\bin\javaw.exe
0x00007ffbc2410000 - 0x00007ffbc2608000 	C:\WINDOWS\SYSTEM32\ntdll.dll
0x00007ffbc21b0000 - 0x00007ffbc226d000 	C:\WINDOWS\System32\KERNEL32.DLL
0x00007ffbbfd60000 - 0x00007ffbc0056000 	C:\WINDOWS\System32\KERNELBASE.dll
0x00007ffbc0590000 - 0x00007ffbc0640000 	C:\WINDOWS\System32\ADVAPI32.dll
0x00007ffbc0930000 - 0x00007ffbc09ce000 	C:\WINDOWS\System32\msvcrt.dll
0x00007ffbc2330000 - 0x00007ffbc23d0000 	C:\WINDOWS\System32\sechost.dll
0x00007ffbc0720000 - 0x00007ffbc0843000 	C:\WINDOWS\System32\RPCRT4.dll
0x00007ffbbfad0000 - 0x00007ffbbfaf7000 	C:\WINDOWS\System32\bcrypt.dll
0x00007ffbc1f40000 - 0x00007ffbc20df000 	C:\WINDOWS\System32\USER32.dll
0x00007ffbc0270000 - 0x00007ffbc0292000 	C:\WINDOWS\System32\win32u.dll
0x00007ffbc0560000 - 0x00007ffbc058b000 	C:\WINDOWS\System32\GDI32.dll
0x00007ffbc0060000 - 0x00007ffbc0177000 	C:\WINDOWS\System32\gdi32full.dll
0x00007ffbc01d0000 - 0x00007ffbc026d000 	C:\WINDOWS\System32\msvcp_win.dll
0x00007ffbbfc60000 - 0x00007ffbbfd60000 	C:\WINDOWS\System32\ucrtbase.dll
0x00007ffbbef20000 - 0x00007ffbbf1ba000 	C:\WINDOWS\WinSxS\amd64_microsoft.windows.common-controls_6595b64144ccf1df_6.0.19041.4355_none_60b8b9eb71f62e16\COMCTL32.dll
0x00007ffbc22a0000 - 0x00007ffbc22cf000 	C:\WINDOWS\System32\IMM32.DLL
0x00007ffbbb640000 - 0x00007ffbbb65b000 	C:\Program Files\Java\jre-1.8\bin\vcruntime140.dll
0x00007ffbbb170000 - 0x00007ffbbb17c000 	C:\Program Files\Java\jre-1.8\bin\vcruntime140_1.dll
0x00007ffba0f30000 - 0x00007ffba0fbe000 	C:\Program Files\Java\jre-1.8\bin\msvcp140.dll
0x00007ffb73b60000 - 0x00007ffb74411000 	C:\Program Files\Java\jre-1.8\bin\server\jvm.dll
0x00007ffbc2270000 - 0x00007ffbc2278000 	C:\WINDOWS\System32\PSAPI.DLL
0x00007ffbbc0d0000 - 0x00007ffbbc0da000 	C:\WINDOWS\SYSTEM32\VERSION.dll
0x00007ffbbc8d0000 - 0x00007ffbbc8f7000 	C:\WINDOWS\SYSTEM32\WINMM.dll
0x00007ffb9f540000 - 0x00007ffb9f549000 	C:\WINDOWS\SYSTEM32\WSOCK32.dll
0x00007ffbc2140000 - 0x00007ffbc21ab000 	C:\WINDOWS\System32\WS2_32.dll
0x00007ffbbd5a0000 - 0x00007ffbbd5b2000 	C:\WINDOWS\SYSTEM32\kernel.appcore.dll
0x00007ffb9ed80000 - 0x00007ffb9ed90000 	C:\Program Files\Java\jre-1.8\bin\verify.dll
0x00007ffb73b30000 - 0x00007ffb73b5b000 	C:\Program Files\Java\jre-1.8\bin\java.dll
0x00007ffb73b10000 - 0x00007ffb73b28000 	C:\Program Files\Java\jre-1.8\bin\zip.dll
0x00007ffbc0df0000 - 0x00007ffbc155c000 	C:\WINDOWS\System32\SHELL32.dll
0x00007ffbbcce0000 - 0x00007ffbbd47d000 	C:\WINDOWS\SYSTEM32\windows.storage.dll
0x00007ffbc19d0000 - 0x00007ffbc1d23000 	C:\WINDOWS\System32\combase.dll
0x00007ffbbecb0000 - 0x00007ffbbecde000 	C:\WINDOWS\SYSTEM32\Wldp.dll
0x00007ffbc0650000 - 0x00007ffbc071d000 	C:\WINDOWS\System32\OLEAUT32.dll
0x00007ffbc04b0000 - 0x00007ffbc055d000 	C:\WINDOWS\System32\SHCORE.dll
0x00007ffbc22d0000 - 0x00007ffbc2325000 	C:\WINDOWS\System32\shlwapi.dll
0x00007ffbbfa00000 - 0x00007ffbbfa24000 	C:\WINDOWS\SYSTEM32\profapi.dll
0x0000000065580000 - 0x0000000065616000 	C:\Users\Diego\AppData\Local\Temp\libgdxDiego\12dfaa03\gdx64.dll
0x00007ffbbf760000 - 0x00007ffbbf778000 	C:\WINDOWS\SYSTEM32\CRYPTSP.dll
0x00007ffbbe430000 - 0x00007ffbbe464000 	C:\WINDOWS\system32\rsaenh.dll
0x00007ffbbf970000 - 0x00007ffbbf99e000 	C:\WINDOWS\SYSTEM32\USERENV.dll
0x00007ffbc0310000 - 0x00007ffbc0392000 	C:\WINDOWS\System32\bcryptprimitives.dll
0x00007ffbbec20000 - 0x00007ffbbec2c000 	C:\WINDOWS\SYSTEM32\CRYPTBASE.dll
0x00007ffb8c230000 - 0x00007ffb8c24c000 	C:\Program Files\Java\jre-1.8\bin\net.dll
0x00007ffbbea90000 - 0x00007ffbbeafa000 	C:\WINDOWS\system32\mswsock.dll
0x00007ffbbe790000 - 0x00007ffbbe7cb000 	C:\WINDOWS\SYSTEM32\IPHLPAPI.DLL
0x00007ffbc0a50000 - 0x00007ffbc0a58000 	C:\WINDOWS\System32\NSI.dll
0x00007ffbb63c0000 - 0x00007ffbb63d7000 	C:\WINDOWS\SYSTEM32\dhcpcsvc6.DLL
0x00007ffbb7190000 - 0x00007ffbb71ad000 	C:\WINDOWS\SYSTEM32\dhcpcsvc.DLL
0x00007ffbbe7d0000 - 0x00007ffbbe89a000 	C:\WINDOWS\SYSTEM32\DNSAPI.dll
0x00007ffbbdbe0000 - 0x00007ffbbdbf3000 	C:\Program Files\Java\jre-1.8\bin\nio.dll
0x0000000180000000 - 0x0000000180053000 	C:\Users\Diego\AppData\Local\Temp\libgdxDiego\dc0f0009\lwjgl64.dll
0x00007ffba35d0000 - 0x00007ffba36f5000 	C:\WINDOWS\SYSTEM32\OPENGL32.dll
0x00007ffbbdab0000 - 0x00007ffbbdadc000 	C:\WINDOWS\SYSTEM32\GLU32.dll
0x000001e593b90000 - 0x000001e593bf4000 	C:\Users\Diego\AppData\Local\Temp\libgdxDiego\dc0f0009\OpenAL64.dll
0x00007ffbc0b10000 - 0x00007ffbc0c3b000 	C:\WINDOWS\System32\ole32.dll
0x00007ffbbc650000 - 0x00007ffbbc6ee000 	C:\WINDOWS\system32\uxtheme.dll
0x00007ffbc0a60000 - 0x00007ffbc0b09000 	C:\WINDOWS\System32\clbcatq.dll
0x00007ffbbb060000 - 0x00007ffbbb0fc000 	C:\WINDOWS\SYSTEM32\dsound.dll
0x00007ffbbf920000 - 0x00007ffbbf96b000 	C:\WINDOWS\SYSTEM32\powrprof.dll
0x00007ffbaf6c0000 - 0x00007ffbaf6e6000 	C:\WINDOWS\SYSTEM32\winmmbase.dll
0x00007ffbbf900000 - 0x00007ffbbf912000 	C:\WINDOWS\SYSTEM32\UMPDC.dll
0x00007ffbb7540000 - 0x00007ffbb75c5000 	C:\WINDOWS\System32\MMDevApi.dll
0x00007ffbbf780000 - 0x00007ffbbf7b3000 	C:\WINDOWS\System32\DEVOBJ.dll
0x00007ffbc0180000 - 0x00007ffbc01ce000 	C:\WINDOWS\System32\cfgmgr32.dll
0x00007ffbb6d40000 - 0x00007ffbb6ec1000 	C:\WINDOWS\SYSTEM32\AUDIOSES.DLL
0x00007ffbbf450000 - 0x00007ffbbf634000 	C:\WINDOWS\SYSTEM32\dbghelp.dll

VM Arguments:
jvm_args: -Duser.language=es_AR -Dfile.encoding=UTF-8 
java_command: org.uqbar.project.wollok.launch.WollokLauncher -requestsPort 0 -eventsPort 0 -folder -dontValidate -wf src/gameRF.wpgm
java_class_path (initial): C:\Users\Diego\Desktop\charlie-circus\bin;C:\Users\Diego\Desktop\PROGRAMAS\wollok-win32.win32.x86_64\plugins\com.ibm.icu_64.2.0.v20190507-1337.jar;C:\Users\Diego\Desktop\PROGRAMAS\wollok-win32.win32.x86_64\plugins\org.eclipse.xtext_2.20.0.v20191202-0915.jar;C:\Users\Diego\Desktop\PROGRAMAS\wollok-win32.win32.x86_64\plugins\org.eclipse.emf.ecore.xmi_2.16.0.v20190528-0725.jar;C:\Users\Diego\Desktop\PROGRAMAS\wollok-win32.win32.x86_64\plugins\org.eclipse.emf.ecore_2.20.0.v20190920-0401.jar;C:\Users\Diego\Desktop\PROGRAMAS\wollok-win32.win32.x86_64\plugins\org.eclipse.emf.common_2.17.0.v20190920-0401.jar;C:\Users\Diego\Desktop\PROGRAMAS\wollok-win32.win32.x86_64\plugins\org.antlr.runtime_3.2.0.v201101311130.jar;C:\Users\Diego\Desktop\PROGRAMAS\wollok-win32.win32.x86_64\plugins\com.google.inject_3.0.0.v201605172100.jar;C:\Users\Diego\Desktop\PROGRAMAS\wollok-win32.win32.x86_64\plugins\org.eclipse.emf.mwe.core_1.5.1.v20191121-1148.jar;C:\Users\Diego\Desktop\PROGRAMAS\wollok-win32.win32.x86_64\plugins\org.apache.commons.cli_1.2.0.v201404270220.jar;C:\Users\Diego\Desktop\PROGRAMAS\wollok-win32.win32.x86_64\plugins\org.eclipse.emf.mwe2.runtime_2.11.1.v20191121-1148.jar;C:\Users\Diego\Desktop\PROGRAMAS\wollok-win32.win32.x86_64\plugins\org.eclipse.emf.mwe.utils_1.5.1.v20191121-1148.jar;C:\Users\Diego\Desktop\PROGRAMAS\wollok-win32.win32.x86_64\plugins\org.eclipse.xtext.util_2.20.0.v20191202-0915.jar;C:\Users\Diego\Desktop\PROGRAMAS\wollok-win32.win32.x86_64\plugins\com.google.guava_27.1.0.v20190517-1946.jar;C:\Users\Diego\Desktop\PROGRAMAS\wollok-win32.win32.x86_64\plugins\javax.inject_1.0.0.v20091030.jar;C:\Users\Diego\Desktop\PROGRAMAS\wollok-win32.win32.x86_64\plugins\org.eclipse.xtext.generator_2.20.0.v20191202-0933.jar;C:\Users\Diego\Desktop\PROGRAMAS\wollok-win32.win32.x86_64\plugins\org.eclipse.xtext.xtext.generator_2.20.0.v20191202-0915.jar;C:\Users\Diego\Desktop\PROGRAMAS\wollok-win32.win32.x86_64\plugins\org.eclipse.xtext.xbase.lib_2.20.
Launcher Type: SUN_STANDARD

Environment Variables:
PATH=C:/Program Files/Java/jre-1.8/bin/server;C:/Program Files/Java/jre-1.8/bin;C:/Program Files/Java/jre-1.8/lib/amd64;C:\Program Files\Common Files\Oracle\Java\javapath;C:\Program Files (x86)\Common Files\Oracle\Java\java8path;C:\Program Files (x86)\Common Files\Oracle\Java\javapath;C:\WINDOWS\system32;C:\WINDOWS;C:\WINDOWS\System32\Wbem;C:\WINDOWS\System32\WindowsPowerShell\v1.0\;C:\WINDOWS\System32\OpenSSH\;C:\Program Files\Git\cmd;C:\Program Files\nodejs\;C:\Program Files\apache-maven-3.9.6\bin;;C:\Program Files\Docker\Docker\resources\bin;C:\Users\Diego\AppData\Local\Programs\Python\Launcher\;C:\Users\Diego\AppData\Local\Microsoft\WindowsApps;C:\Users\Diego\AppData\Roaming\npm;C:\Users\Diego\AppData\Local\Programs\Microsoft VS Code\bin;C:\Users\Diego\.fly\bin;C:\Users\Diego\Desktop\PROGRAMAS\wollok-win32.win32.x86_64;
USERNAME=Diego
OS=Windows_NT
PROCESSOR_IDENTIFIER=AMD64 Family 23 Model 17 Stepping 0, AuthenticAMD



---------------  S Y S T E M  ---------------

OS: Windows 10 , 64 bit Build 19041 (10.0.19041.3636)

CPU:total 8 (initial active 8) (8 cores per cpu, 1 threads per core) family 23 model 17 stepping 0, cmov, cx8, fxsr, mmx, sse, sse2, sse3, ssse3, sse4.1, sse4.2, popcnt, avx, avx2, aes, clmul, mmxext, 3dnowpref, lzcnt, sse4a, tsc, tscinvbit, tscinv, bmi1

Memory: 4k page, physical 6190580k(2063668k free), swap 11695604k(5207160k free)

vm_info: Java HotSpot(TM) 64-Bit Server VM (25.411-b09) for windows-amd64 JRE (1.8.0_411-b09), built on Mar 13 2024 07:26:13 by "java_re" with MS VC++ 17.1 (VS2022)

time: Mon Jun 24 21:35:42 2024
timezone: Hora estándar de Argentina
elapsed time: 4.591326 seconds (0d 0h 0m 4s)

